[main] INFO  controller.Management  - [ null ] - Access the Admin menu.
[main] INFO  controller.Management  - [ null ] - Access the Admin menu.
[main] INFO  controller.Management  - [ null ] - Access the Admin menu.
[main] INFO  controller.Management  - null : Access the Admin menu.
[main] INFO  controller.Management  - null : Access the Admin menu.
[main] INFO  controller.Management  - null : Access the Admin menu.
[main] INFO  controller.Management  - null : Access the Admin menu.
[main] INFO  controller.Management  - null : Access the Admin menu.
[AWT-EventQueue-0] INFO  controller.Management  - test_name : Access the Admin menu.
[AWT-EventQueue-0] INFO  controller.Management  - test_name : Access the Admin menu.
[AWT-EventQueue-0] INFO  controller.Management  - test_name : Access the Admin menu.
[main] INFO  controller.Management  - null : Access the Admin menu.
[main] INFO  controller.Management  - null : Access the Admin menu.
[main] INFO  controller.Management  - null : Access the Admin menu.
[main] INFO  controller.Management  - null : Access the Admin menu.
[AWT-EventQueue-0] INFO  controller.Management  - test_name : Access the Admin menu.
[AWT-EventQueue-0] INFO  controller.Management  - test_name : Access the Admin menu.
[AWT-EventQueue-0] INFO  controller.Management  - test_name : Access the Admin menu.
[AWT-EventQueue-0] INFO  controller.Management  - test_name : Access the Admin menu.
[AWT-EventQueue-0] INFO  controller.Management  - test_id : Access the Admin menu.
[AWT-EventQueue-0] INFO  controller.CommonFeatures  - test_name : Access Management Books.
[AWT-EventQueue-0] INFO  controller.Management  - test_id : Access the Admin menu.
[main] INFO  controller.Management  - null : Access the Admin menu.
[AWT-EventQueue-0] INFO  controller.Management  - test_id : Access the Admin menu.
[AWT-EventQueue-0] INFO  controller.CommonFeatures  - test_name : Access Management Books.
[AWT-EventQueue-0] INFO  controller.Management  - test_id : Access the Admin menu.
[AWT-EventQueue-0] INFO  controller.CommonFeatures  - test_name : Access Management Users.
[main] INFO  controller.Management  - null : Access the Admin menu.
[main] INFO  controller.CommonFeatures  - null : Access Management Books.
[main] INFO  controller.CommonFeatures  - null : Access Management Users.
[main] INFO  controller.Management  - null : Access the Admin menu.
[main] INFO  controller.ManagementBooks  - null : Access Management Books.
[main] INFO  controller.ManagementUser  - null : Access Management Users.
[AWT-EventQueue-0] INFO  controller.Management  - test_name : Access the Admin menu.
[AWT-EventQueue-0] INFO  controller.ManagementBooks  - test_name : Access Management Books.
[AWT-EventQueue-0] INFO  controller.Management  - test_name : Access the Admin menu.
[AWT-EventQueue-0] INFO  controller.Management  - test_name : Access the Admin menu.
[AWT-EventQueue-0] INFO  controller.ManagementUser  - test_name : Access Management Users.
[AWT-EventQueue-0] INFO  controller.Management  - test_name : Access the Admin menu.
[AWT-EventQueue-0] INFO  controller.ManagementBooks  - test_name : Access Management Books.
[AWT-EventQueue-0] INFO  controller.Management  - test_name : Access the Admin menu.
